{"name": "test_login_success[user1]", "status": "failed", "statusDetails": {"message": "AssertionError", "trace": "self = <web.testcases.test_login.TestLogin object at 0x7fee79f6d160>\nchrome_driver = <selenium.webdriver.chrome.webdriver.WebDriver (session=\"91af0fddfc1986b75706008d886eef44\")>\nuser = {'account': '13311111111', 'password': 'test@123456'}\n\n    @pytest.mark.parametrize(\"user\", user_list)\n    def test_login_success(self, chrome_driver, user):\n        with allure.step(\"登录\"):\n>           IndexPage().goto_loginPage(chrome_driver).\\\n                login_submit(chrome_driver, user[\"account\"], user[\"password\"])\n\ntest_login.py:15: \n_ _ _ _ _ _ _ _ _ _ _ _ _ _ _ _ _ _ _ _ _ _ _ _ _ _ _ _ _ _ _ _ _ _ _ _ _ _ _ _ \n../web_page/login_page.py:33: in login_submit\n    self.assert_login_success(driver)\n_ _ _ _ _ _ _ _ _ _ _ _ _ _ _ _ _ _ _ _ _ _ _ _ _ _ _ _ _ _ _ _ _ _ _ _ _ _ _ _ \n\nself = <web.web_page.login_page.LoginPage object at 0x7fee79eb9cd0>\ndriver = <selenium.webdriver.chrome.webdriver.WebDriver (session=\"91af0fddfc1986b75706008d886eef44\")>\n\n    def assert_login_success(self, driver):\n        pub_order_button = self.pubOrder_btn_locator()\n>       assert self.find(driver, \"xpath\", pub_order_button)\nE       AssertionError\n\n../web_page/login_page.py:26: AssertionError"}, "steps": [{"name": "登录", "status": "failed", "statusDetails": {"message": "AssertionError\n", "trace": "  File \"/Users/cathy/PycharmProjects/HogwartsSDET15/web/testcases/test_login.py\", line 15, in test_login_success\n    IndexPage().goto_loginPage(chrome_driver).\\\n  File \"/Users/cathy/PycharmProjects/HogwartsSDET15/web/web_page/login_page.py\", line 33, in login_submit\n    self.assert_login_success(driver)\n  File \"/Users/cathy/PycharmProjects/HogwartsSDET15/web/web_page/login_page.py\", line 26, in assert_login_success\n    assert self.find(driver, \"xpath\", pub_order_button)\n"}, "start": 1701327260264, "stop": 1701327307751}], "parameters": [{"name": "user", "value": "{'account': '13311111111', 'password': 'test@123456'}"}], "start": 1701327260263, "stop": 1701327307752, "uuid": "ecd80fdb-78f2-4614-9af3-f19ca07ebb95", "historyId": "1da1446d5f094c62949185b45030a789", "testCaseId": "cfc7a97ca4323212ccb6848d12616b1d", "fullName": "web.testcases.test_login.TestLogin#test_login_success", "labels": [{"name": "parentSuite", "value": "web.testcases"}, {"name": "suite", "value": "test_login"}, {"name": "subSuite", "value": "TestLogin"}, {"name": "host", "value": "cathydeMacBook-Air.local"}, {"name": "thread", "value": "24411-MainThread"}, {"name": "framework", "value": "pytest"}, {"name": "language", "value": "cpython3"}, {"name": "package", "value": "web.testcases.test_login"}]}