{"name": "test_login_success[user0]", "status": "broken", "statusDetails": {"message": "selenium.common.exceptions.ElementClickInterceptedException: Message: element click intercepted: Element <button class=\"login-button-main login-button-container\" data-tl=\"/@className=*clazzName+ login-button-container/@onClick=onClick\" data-tr=\"LoginButton\">...</button> is not clickable at point (1120, 499). Other element would receive the click: <div class=\"loading-transition\" data-tr=\"LoadingTwo\">...</div>\n  (Session info: chrome=119.0.6045.159)\nStacktrace:\n0   chromedriver                        0x0000000104c80d28 chromedriver + 4795688\n1   chromedriver                        0x0000000104c782b3 chromedriver + 4760243\n2   chromedriver                        0x000000010485188d chromedriver + 407693\n3   chromedriver                        0x00000001048a838a chromedriver + 762762\n4   chromedriver                        0x00000001048a5d0b chromedriver + 752907\n5   chromedriver                        0x00000001048a3174 chromedriver + 741748\n6   chromedriver                        0x00000001048a1e89 chromedriver + 736905\n7   chromedriver                        0x00000001048943fa chromedriver + 680954\n8   chromedriver                        0x00000001048c7ca2 chromedriver + 892066\n9   chromedriver                        0x0000000104893c63 chromedriver + 679011\n10  chromedriver                        0x00000001048c7e5e chromedriver + 892510\n11  chromedriver                        0x00000001048e3b2b chromedriver + 1006379\n12  chromedriver                        0x00000001048c7a73 chromedriver + 891507\n13  chromedriver                        0x0000000104892143 chromedriver + 672067\n14  chromedriver                        0x000000010489331e chromedriver + 676638\n15  chromedriver                        0x0000000104c41795 chromedriver + 4536213\n16  chromedriver                        0x0000000104c46853 chromedriver + 4556883\n17  chromedriver                        0x0000000104c27001 chromedriver + 4427777\n18  chromedriver                        0x0000000104c4759d chromedriver + 4560285\n19  chromedriver                        0x0000000104c1848c chromedriver + 4367500\n20  chromedriver                        0x0000000104c670e8 chromedriver + 4690152\n21  chromedriver                        0x0000000104c6729e chromedriver + 4690590\n22  chromedriver                        0x0000000104c77eee chromedriver + 4759278\n23  libsystem_pthread.dylib             0x00007fff6c40b109 _pthread_start + 148\n24  libsystem_pthread.dylib             0x00007fff6c406b8b thread_start + 15", "trace": "self = <web.testcases.test_login.TestLogin object at 0x7f9928f5f4f0>\nchrome_driver = <selenium.webdriver.chrome.webdriver.WebDriver (session=\"c0bf5233fe79b37ec18090b6ec5b7c76\")>\nuser = {'account': '13366666666', 'password': 'test@123456'}\n\n    @pytest.mark.parametrize(\"user\", user_list)\n    def test_login_success(self, chrome_driver, user):\n        with allure.step(\"登录\"):\n>           IndexPage().goto_loginPage(chrome_driver).\\\n                login_submit(chrome_driver, user[\"account\"], user[\"password\"])\n\ntest_login.py:15: \n_ _ _ _ _ _ _ _ _ _ _ _ _ _ _ _ _ _ _ _ _ _ _ _ _ _ _ _ _ _ _ _ _ _ _ _ _ _ _ _ \n../web_page/login_page.py:32: in login_submit\n    self.click_submit_btn(driver)\n../web_page/login_page.py:22: in click_submit_btn\n    return self.find(driver, \"xpath\",submit_btn).click()\n../../venv/lib/python3.8/site-packages/selenium/webdriver/remote/webelement.py:93: in click\n    self._execute(Command.CLICK_ELEMENT)\n../../venv/lib/python3.8/site-packages/selenium/webdriver/remote/webelement.py:394: in _execute\n    return self._parent.execute(command, params)\n../../venv/lib/python3.8/site-packages/selenium/webdriver/remote/webdriver.py:344: in execute\n    self.error_handler.check_response(response)\n_ _ _ _ _ _ _ _ _ _ _ _ _ _ _ _ _ _ _ _ _ _ _ _ _ _ _ _ _ _ _ _ _ _ _ _ _ _ _ _ \n\nself = <selenium.webdriver.remote.errorhandler.ErrorHandler object at 0x7f9928f6f700>\nresponse = {'status': 400, 'value': '{\"value\":{\"error\":\"element click intercepted\",\"message\":\"element click intercepted: Element ...fff6c40b109 _pthread_start + 148\\\\n24  libsystem_pthread.dylib             0x00007fff6c406b8b thread_start + 15\\\\n\"}}'}\n\n    def check_response(self, response: Dict[str, Any]) -> None:\n        \"\"\"Checks that a JSON response from the WebDriver does not have an\n        error.\n    \n        :Args:\n         - response - The JSON response from the WebDriver server as a dictionary\n           object.\n    \n        :Raises: If the response contains an error message.\n        \"\"\"\n        status = response.get(\"status\", None)\n        if not status or status == ErrorCode.SUCCESS:\n            return\n        value = None\n        message = response.get(\"message\", \"\")\n        screen: str = response.get(\"screen\", \"\")\n        stacktrace = None\n        if isinstance(status, int):\n            value_json = response.get(\"value\", None)\n            if value_json and isinstance(value_json, str):\n                import json\n    \n                try:\n                    value = json.loads(value_json)\n                    if len(value) == 1:\n                        value = value[\"value\"]\n                    status = value.get(\"error\", None)\n                    if not status:\n                        status = value.get(\"status\", ErrorCode.UNKNOWN_ERROR)\n                        message = value.get(\"value\") or value.get(\"message\")\n                        if not isinstance(message, str):\n                            value = message\n                            message = message.get(\"message\")\n                    else:\n                        message = value.get(\"message\", None)\n                except ValueError:\n                    pass\n    \n        exception_class: Type[WebDriverException]\n        e = ErrorCode()\n        error_codes = [item for item in dir(e) if not item.startswith(\"__\")]\n        for error_code in error_codes:\n            error_info = getattr(ErrorCode, error_code)\n            if isinstance(error_info, list) and status in error_info:\n                exception_class = getattr(ExceptionMapping, error_code, WebDriverException)\n                break\n        else:\n            exception_class = WebDriverException\n    \n        if not value:\n            value = response[\"value\"]\n        if isinstance(value, str):\n            raise exception_class(value)\n        if message == \"\" and \"message\" in value:\n            message = value[\"message\"]\n    \n        screen = None  # type: ignore[assignment]\n        if \"screen\" in value:\n            screen = value[\"screen\"]\n    \n        stacktrace = None\n        st_value = value.get(\"stackTrace\") or value.get(\"stacktrace\")\n        if st_value:\n            if isinstance(st_value, str):\n                stacktrace = st_value.split(\"\\n\")\n            else:\n                stacktrace = []\n                try:\n                    for frame in st_value:\n                        line = frame.get(\"lineNumber\", \"\")\n                        file = frame.get(\"fileName\", \"<anonymous>\")\n                        if line:\n                            file = f\"{file}:{line}\"\n                        meth = frame.get(\"methodName\", \"<anonymous>\")\n                        if \"className\" in frame:\n                            meth = f\"{frame['className']}.{meth}\"\n                        msg = \"    at %s (%s)\"\n                        msg = msg % (meth, file)\n                        stacktrace.append(msg)\n                except TypeError:\n                    pass\n        if exception_class == UnexpectedAlertPresentException:\n            alert_text = None\n            if \"data\" in value:\n                alert_text = value[\"data\"].get(\"text\")\n            elif \"alert\" in value:\n                alert_text = value[\"alert\"].get(\"text\")\n            raise exception_class(message, screen, stacktrace, alert_text)  # type: ignore[call-arg]  # mypy is not smart enough here\n>       raise exception_class(message, screen, stacktrace)\nE       selenium.common.exceptions.ElementClickInterceptedException: Message: element click intercepted: Element <button class=\"login-button-main login-button-container\" data-tl=\"/@className=*clazzName+ login-button-container/@onClick=onClick\" data-tr=\"LoginButton\">...</button> is not clickable at point (1120, 499). Other element would receive the click: <div class=\"loading-transition\" data-tr=\"LoadingTwo\">...</div>\nE         (Session info: chrome=119.0.6045.159)\nE       Stacktrace:\nE       0   chromedriver                        0x0000000104c80d28 chromedriver + 4795688\nE       1   chromedriver                        0x0000000104c782b3 chromedriver + 4760243\nE       2   chromedriver                        0x000000010485188d chromedriver + 407693\nE       3   chromedriver                        0x00000001048a838a chromedriver + 762762\nE       4   chromedriver                        0x00000001048a5d0b chromedriver + 752907\nE       5   chromedriver                        0x00000001048a3174 chromedriver + 741748\nE       6   chromedriver                        0x00000001048a1e89 chromedriver + 736905\nE       7   chromedriver                        0x00000001048943fa chromedriver + 680954\nE       8   chromedriver                        0x00000001048c7ca2 chromedriver + 892066\nE       9   chromedriver                        0x0000000104893c63 chromedriver + 679011\nE       10  chromedriver                        0x00000001048c7e5e chromedriver + 892510\nE       11  chromedriver                        0x00000001048e3b2b chromedriver + 1006379\nE       12  chromedriver                        0x00000001048c7a73 chromedriver + 891507\nE       13  chromedriver                        0x0000000104892143 chromedriver + 672067\nE       14  chromedriver                        0x000000010489331e chromedriver + 676638\nE       15  chromedriver                        0x0000000104c41795 chromedriver + 4536213\nE       16  chromedriver                        0x0000000104c46853 chromedriver + 4556883\nE       17  chromedriver                        0x0000000104c27001 chromedriver + 4427777\nE       18  chromedriver                        0x0000000104c4759d chromedriver + 4560285\nE       19  chromedriver                        0x0000000104c1848c chromedriver + 4367500\nE       20  chromedriver                        0x0000000104c670e8 chromedriver + 4690152\nE       21  chromedriver                        0x0000000104c6729e chromedriver + 4690590\nE       22  chromedriver                        0x0000000104c77eee chromedriver + 4759278\nE       23  libsystem_pthread.dylib             0x00007fff6c40b109 _pthread_start + 148\nE       24  libsystem_pthread.dylib             0x00007fff6c406b8b thread_start + 15\n\n../../venv/lib/python3.8/site-packages/selenium/webdriver/remote/errorhandler.py:229: ElementClickInterceptedException"}, "steps": [{"name": "登录", "status": "broken", "statusDetails": {"message": "selenium.common.exceptions.ElementClickInterceptedException: Message: element click intercepted: Element <button class=\"login-button-main login-button-container\" data-tl=\"/@className=*clazzName+ login-button-container/@onClick=onClick\" data-tr=\"LoginButton\">...</button> is not clickable at point (1120, 499). Other element would receive the click: <div class=\"loading-transition\" data-tr=\"LoadingTwo\">...</div>\n  (Session info: chrome=119.0.6045.159)\nStacktrace:\n0   chromedriver                        0x0000000104c80d28 chromedriver + 4795688\n1   chromedriver                        0x0000000104c782b3 chromedriver + 4760243\n2   chromedriver                        0x000000010485188d chromedriver + 407693\n3   chromedriver                        0x00000001048a838a chromedriver + 762762\n4   chromedriver                        0x00000001048a5d0b chromedriver + 752907\n5   chromedriver                        0x00000001048a3174 chromedriver + 741748\n6   chromedriver                        0x00000001048a1e89 chromedriver + 736905\n7   chromedriver                        0x00000001048943fa chromedriver + 680954\n8   chromedriver                        0x00000001048c7ca2 chromedriver + 892066\n9   chromedriver                        0x0000000104893c63 chromedriver + 679011\n10  chromedriver                        0x00000001048c7e5e chromedriver + 892510\n11  chromedriver                        0x00000001048e3b2b chromedriver + 1006379\n12  chromedriver                        0x00000001048c7a73 chromedriver + 891507\n13  chromedriver                        0x0000000104892143 chromedriver + 672067\n14  chromedriver                        0x000000010489331e chromedriver + 676638\n15  chromedriver                        0x0000000104c41795 chromedriver + 4536213\n16  chromedriver                        0x0000000104c46853 chromedriver + 4556883\n17  chromedriver                        0x0000000104c27001 chromedriver + 4427777\n18  chromedriver                        0x0000000104c4759d chromedriver + 4560285\n19  chromedriver                        0x0000000104c1848c chromedriver + 4367500\n20  chromedriver                        0x0000000104c670e8 chromedriver + 4690152\n21  chromedriver                        0x0000000104c6729e chromedriver + 4690590\n22  chromedriver                        0x0000000104c77eee chromedriver + 4759278\n23  libsystem_pthread.dylib             0x00007fff6c40b109 _pthread_start + 148\n24  libsystem_pthread.dylib             0x00007fff6c406b8b thread_start + 15\n\n", "trace": "  File \"/Users/cathy/PycharmProjects/HogwartsSDET15/web/testcases/test_login.py\", line 15, in test_login_success\n    IndexPage().goto_loginPage(chrome_driver).\\\n  File \"/Users/cathy/PycharmProjects/HogwartsSDET15/web/web_page/login_page.py\", line 32, in login_submit\n    self.click_submit_btn(driver)\n  File \"/Users/cathy/PycharmProjects/HogwartsSDET15/web/web_page/login_page.py\", line 22, in click_submit_btn\n    return self.find(driver, \"xpath\",submit_btn).click()\n  File \"/Users/cathy/PycharmProjects/HogwartsSDET15/venv/lib/python3.8/site-packages/selenium/webdriver/remote/webelement.py\", line 93, in click\n    self._execute(Command.CLICK_ELEMENT)\n  File \"/Users/cathy/PycharmProjects/HogwartsSDET15/venv/lib/python3.8/site-packages/selenium/webdriver/remote/webelement.py\", line 394, in _execute\n    return self._parent.execute(command, params)\n  File \"/Users/cathy/PycharmProjects/HogwartsSDET15/venv/lib/python3.8/site-packages/selenium/webdriver/remote/webdriver.py\", line 344, in execute\n    self.error_handler.check_response(response)\n  File \"/Users/cathy/PycharmProjects/HogwartsSDET15/venv/lib/python3.8/site-packages/selenium/webdriver/remote/errorhandler.py\", line 229, in check_response\n    raise exception_class(message, screen, stacktrace)\n"}, "start": 1701327260897, "stop": 1701327297458}], "parameters": [{"name": "user", "value": "{'account': '13366666666', 'password': 'test@123456'}"}], "start": 1701327260897, "stop": 1701327297464, "uuid": "e0a76aad-b5f3-4b20-a637-4a95f5ca7959", "historyId": "17f1e150b3fc424b7f9fac7d43b3ebe1", "testCaseId": "cfc7a97ca4323212ccb6848d12616b1d", "fullName": "web.testcases.test_login.TestLogin#test_login_success", "labels": [{"name": "parentSuite", "value": "web.testcases"}, {"name": "suite", "value": "test_login"}, {"name": "subSuite", "value": "TestLogin"}, {"name": "host", "value": "cathydeMacBook-Air.local"}, {"name": "thread", "value": "24410-MainThread"}, {"name": "framework", "value": "pytest"}, {"name": "language", "value": "cpython3"}, {"name": "package", "value": "web.testcases.test_login"}]}